[LISTEN START] 04:57:26 UTC
[CHANNEL] http://100.85.190.91:8787/stream (SSE)
[MODE] active listening, no injection. Free-will eval by CEO.
[04:57:34] : 
[04:57:34] : 
[04:57:34] : 
[04:57:35] : 
[04:57:35] : 
[04:57:35] : 
[04:57:35] : 
[04:57:35] : 
[04:57:36] : 
[04:57:36] : 
[04:57:36] : 
[04:57:36] : 
[04:57:37] : 
[04:57:37] RAW: : ping
[04:57:49] RAW: : ping
[04:58:04] RAW: : ping
[04:58:19] RAW: : ping

[RESTART 04:58:20 UTC] listener -> 8787/stream
[04:58:34] RAW: : ping
[04:58:49] RAW: : ping

[LISTEN v3 04:58:54 UTC] 8787/stream, tracked bg
[04:59:04] RAW: : ping
[04:59:19] RAW: : ping
[04:59:34] RAW: : ping
[04:59:49] RAW: : ping
[05:00:04] RAW: : ping
[05:00:19] RAW: : ping
[05:00:34] RAW: : ping
[05:00:49] RAW: : ping
[05:01:04] RAW: : ping
[05:01:19] RAW: : ping
[05:01:34] RAW: : ping
[05:01:49] RAW: : ping
[05:02:04] RAW: : ping
[05:02:19] RAW: : ping
[05:02:34] RAW: : ping
[05:02:49] RAW: : ping
[05:03:04] RAW: : ping
[05:03:19] RAW: : ping
[05:03:34] RAW: : ping
[05:03:49] RAW: : ping
[05:04:04] RAW: : ping
[05:04:19] RAW: : ping
[05:04:23] : 
[05:04:34] RAW: : ping
[05:04:49] RAW: : ping
[05:05:04] RAW: : ping
[05:05:19] RAW: : ping
[05:05:34] RAW: : ping
[05:05:49] RAW: : ping
[05:06:04] RAW: : ping
[05:06:19] RAW: : ping
[05:06:34] RAW: : ping
[05:06:49] RAW: : ping
[05:07:04] RAW: : ping
[05:07:19] RAW: : ping
[05:07:34] RAW: : ping
[05:07:49] RAW: : ping
[05:08:04] RAW: : ping
[05:08:19] RAW: : ping
[05:08:34] RAW: : ping
[05:08:49] RAW: : ping
[05:09:04] RAW: : ping
[05:09:19] RAW: : ping
[05:09:34] RAW: : ping
[05:09:40] : 
[05:09:49] RAW: : ping
[05:10:04] RAW: : ping
[05:10:17] : 
[05:10:19] RAW: : ping
[05:10:34] RAW: : ping
[05:10:49] RAW: : ping
[05:10:52] : 
[05:11:04] RAW: : ping
[05:11:05] : 
[05:11:19] RAW: : ping
[05:11:34] RAW: : ping
[05:11:49] RAW: : ping
[05:12:04] RAW: : ping
[05:12:19] RAW: : ping
[05:12:21] : 
[05:12:34] RAW: : ping
[05:12:49] RAW: : ping
[05:13:04] RAW: : ping
[05:13:19] RAW: : ping
[05:13:34] RAW: : ping
[05:13:49] RAW: : ping
[05:14:04] RAW: : ping
[05:14:19] RAW: : ping
[05:14:34] RAW: : ping
[05:14:49] RAW: : ping
[05:15:04] RAW: : ping
[05:15:19] RAW: : ping
[05:15:23] : 
[05:15:34] RAW: : ping
[05:15:49] RAW: : ping
[05:16:04] RAW: : ping
[05:16:19] RAW: : ping
[05:16:34] RAW: : ping
[05:16:49] RAW: : ping
[05:17:04] RAW: : ping
[05:17:14] : 
[05:17:19] RAW: : ping
[05:17:34] RAW: : ping
[05:17:49] RAW: : ping
[05:18:04] RAW: : ping
[05:18:19] RAW: : ping
[05:18:34] RAW: : ping
[05:18:49] RAW: : ping
[05:19:04] RAW: : ping
[05:19:19] RAW: : ping
[05:19:34] RAW: : ping
[05:19:49] RAW: : ping
[05:20:04] RAW: : ping
[05:20:19] RAW: : ping
[05:20:34] RAW: : ping
[05:20:49] RAW: : ping
[05:21:04] RAW: : ping
[05:21:19] RAW: : ping
[05:21:34] RAW: : ping
[05:21:49] RAW: : ping
[05:22:04] RAW: : ping
[05:22:19] RAW: : ping
[05:22:34] RAW: : ping
[05:22:49] RAW: : ping
[05:23:04] RAW: : ping
[05:23:19] RAW: : ping
[05:23:34] RAW: : ping
[05:23:49] RAW: : ping
[05:24:04] RAW: : ping
[05:24:19] RAW: : ping
[05:24:34] RAW: : ping
[05:24:49] RAW: : ping
[05:25:04] RAW: : ping
[05:25:19] RAW: : ping
[05:25:34] RAW: : ping
[05:25:49] RAW: : ping
[05:26:04] RAW: : ping
[05:26:19] RAW: : ping
[05:26:34] RAW: : ping
[05:26:49] RAW: : ping
[05:27:04] RAW: : ping
[05:27:19] RAW: : ping
[05:27:34] RAW: : ping
[05:27:49] RAW: : ping
[05:28:04] RAW: : ping
[05:28:19] RAW: : ping
[05:28:34] RAW: : ping
[05:28:49] RAW: : ping
[05:29:04] RAW: : ping
[05:29:19] RAW: : ping
[05:29:34] RAW: : ping
[05:29:49] RAW: : ping
[05:30:04] RAW: : ping
[05:30:19] RAW: : ping
[05:30:34] RAW: : ping
[05:30:49] RAW: : ping
[05:31:04] RAW: : ping
[05:31:19] RAW: : ping
[05:31:34] RAW: : ping
[05:31:49] RAW: : ping
[05:32:04] RAW: : ping
[05:32:19] RAW: : ping
[05:32:34] RAW: : ping
[05:32:49] RAW: : ping
[05:33:04] RAW: : ping
[05:33:19] RAW: : ping
[05:33:34] RAW: : ping
[05:33:49] RAW: : ping
[05:34:04] RAW: : ping
[05:34:19] RAW: : ping
[05:34:34] RAW: : ping
[05:34:49] RAW: : ping
[05:35:04] RAW: : ping
[05:35:19] RAW: : ping
[05:35:34] RAW: : ping
[05:35:49] RAW: : ping
[05:36:04] RAW: : ping
[05:36:19] RAW: : ping
[05:36:34] RAW: : ping
[05:36:49] RAW: : ping
[05:37:04] RAW: : ping
[05:37:19] RAW: : ping
[05:37:34] RAW: : ping
[05:37:49] RAW: : ping
[05:38:04] RAW: : ping
[05:38:19] RAW: : ping
[05:38:34] RAW: : ping
[05:38:49] RAW: : ping
[05:39:04] RAW: : ping
[05:39:19] RAW: : ping
[05:39:34] RAW: : ping
[05:39:49] RAW: : ping
[05:40:04] RAW: : ping
[05:40:19] RAW: : ping
[05:40:34] RAW: : ping
[05:40:49] RAW: : ping
[05:41:04] RAW: : ping
[05:41:19] RAW: : ping
[05:41:34] RAW: : ping
[05:41:49] RAW: : ping
[05:42:04] RAW: : ping
[05:42:19] RAW: : ping
[05:42:34] RAW: : ping
[05:42:49] RAW: : ping
[05:43:04] RAW: : ping
[05:43:19] RAW: : ping
[05:43:34] RAW: : ping
[05:43:49] RAW: : ping
[05:44:04] RAW: : ping
[05:44:19] RAW: : ping
[05:44:34] RAW: : ping
[05:44:49] RAW: : ping
[05:45:04] RAW: : ping
[05:45:19] RAW: : ping
[05:45:34] RAW: : ping
[05:45:49] RAW: : ping
[05:46:04] RAW: : ping
[05:46:19] RAW: : ping
[05:46:34] RAW: : ping
[05:46:49] RAW: : ping
[05:47:04] RAW: : ping
[05:47:19] RAW: : ping
[05:47:34] RAW: : ping
[05:47:49] RAW: : ping
[05:48:04] RAW: : ping
[05:48:19] RAW: : ping
[05:48:34] RAW: : ping
[05:48:49] RAW: : ping
[05:49:04] RAW: : ping
[05:49:19] RAW: : ping
[05:49:34] RAW: : ping
[05:49:49] RAW: : ping
[05:50:04] RAW: : ping
[05:50:19] RAW: : ping
[05:50:34] RAW: : ping
[05:50:49] RAW: : ping
[05:51:04] RAW: : ping
[05:51:19] RAW: : ping
[05:51:34] RAW: : ping
[05:51:49] RAW: : ping
[05:52:04] RAW: : ping
[05:52:19] RAW: : ping
[05:52:34] RAW: : ping
[05:52:49] RAW: : ping
[05:53:04] RAW: : ping
[05:53:19] RAW: : ping
[05:53:34] RAW: : ping
[05:53:49] RAW: : ping
[05:54:04] RAW: : ping
[05:54:19] RAW: : ping
[05:54:34] RAW: : ping
[05:54:49] RAW: : ping
[05:55:04] RAW: : ping
[05:55:19] RAW: : ping
[05:55:34] RAW: : ping
[05:55:49] RAW: : ping
[05:56:04] RAW: : ping
[05:56:19] RAW: : ping
[05:56:34] RAW: : ping
[05:56:49] RAW: : ping
[05:57:04] RAW: : ping
[05:57:19] RAW: : ping
[05:57:34] RAW: : ping
[05:57:49] RAW: : ping
[05:58:04] RAW: : ping
[05:58:19] RAW: : ping
[05:58:34] RAW: : ping
[05:58:49] RAW: : ping
[05:59:04] RAW: : ping
[05:59:19] RAW: : ping
[05:59:34] RAW: : ping
[05:59:49] RAW: : ping
[06:00:04] RAW: : ping
[06:00:19] RAW: : ping
[06:00:34] RAW: : ping
[06:00:49] RAW: : ping
[06:01:04] RAW: : ping
[06:01:19] RAW: : ping
[06:01:34] RAW: : ping
[06:01:49] RAW: : ping
[06:02:04] RAW: : ping
[06:02:19] RAW: : ping
[06:02:34] RAW: : ping
[06:02:49] RAW: : ping
[06:03:04] RAW: : ping
[06:03:19] RAW: : ping
[06:03:34] RAW: : ping
[06:03:49] RAW: : ping
[06:04:04] RAW: : ping
[06:04:19] RAW: : ping
[06:04:34] RAW: : ping
[06:04:49] RAW: : ping
[06:05:04] RAW: : ping
[06:05:19] RAW: : ping
[06:05:34] RAW: : ping
[06:05:49] RAW: : ping
[06:06:04] RAW: : ping
[06:06:19] RAW: : ping
[06:06:34] RAW: : ping
[06:06:49] RAW: : ping
[06:07:04] RAW: : ping
[06:07:19] RAW: : ping
[06:07:34] RAW: : ping
[06:07:49] RAW: : ping
[06:08:04] RAW: : ping
[06:08:19] RAW: : ping
[06:08:34] RAW: : ping
[06:08:49] RAW: : ping
[06:09:04] RAW: : ping
[06:09:19] RAW: : ping
[06:09:34] RAW: : ping
[06:09:49] RAW: : ping
[06:10:04] RAW: : ping
[06:10:19] RAW: : ping
[06:10:34] RAW: : ping
[06:10:49] RAW: : ping
[06:11:04] RAW: : ping
[06:11:19] RAW: : ping
[06:11:34] RAW: : ping
[06:11:49] RAW: : ping
[06:12:04] RAW: : ping
[06:12:19] RAW: : ping
[06:12:34] RAW: : ping
[06:12:49] RAW: : ping
[06:13:04] RAW: : ping
[06:13:19] RAW: : ping
[06:13:34] RAW: : ping
[06:13:49] RAW: : ping
[06:14:04] RAW: : ping
[06:14:19] RAW: : ping
[06:14:34] RAW: : ping
[06:14:49] RAW: : ping
[06:15:04] RAW: : ping
[06:15:19] RAW: : ping
[06:15:34] RAW: : ping
[06:15:49] RAW: : ping
[06:16:04] RAW: : ping
[06:16:19] RAW: : ping
[06:16:34] RAW: : ping
[06:16:49] RAW: : ping
[06:17:04] RAW: : ping
[06:17:19] RAW: : ping
[06:17:34] RAW: : ping
[06:17:49] RAW: : ping
[06:18:04] RAW: : ping
[06:18:19] RAW: : ping
[06:18:34] RAW: : ping
[06:18:49] RAW: : ping
[06:19:04] RAW: : ping
[06:19:19] RAW: : ping
[06:19:34] RAW: : ping
[06:19:49] RAW: : ping
[06:20:04] RAW: : ping
[06:20:19] RAW: : ping
[06:20:34] RAW: : ping
[06:20:49] RAW: : ping
[06:21:04] RAW: : ping
[06:21:19] RAW: : ping
[06:21:34] RAW: : ping
[06:21:49] RAW: : ping
[06:22:04] RAW: : ping
[06:22:19] RAW: : ping
[06:22:34] RAW: : ping
[06:22:49] RAW: : ping
[06:23:04] RAW: : ping
[06:23:19] RAW: : ping
[06:23:34] RAW: : ping
[06:23:49] RAW: : ping
[06:24:04] RAW: : ping
[06:24:19] RAW: : ping
[06:24:34] RAW: : ping
[06:24:49] RAW: : ping
[06:25:04] RAW: : ping
[06:25:19] RAW: : ping
[06:25:34] RAW: : ping
[06:25:49] RAW: : ping
[06:26:04] RAW: : ping
[06:26:19] RAW: : ping
[06:26:34] RAW: : ping
[06:26:49] RAW: : ping
[06:27:04] RAW: : ping
[06:27:19] RAW: : ping
[06:27:34] RAW: : ping
[06:27:49] RAW: : ping
[06:28:04] RAW: : ping
[06:28:19] RAW: : ping
[06:28:34] RAW: : ping
[06:28:49] RAW: : ping
[06:29:04] RAW: : ping
[06:29:19] RAW: : ping
[06:29:34] RAW: : ping
[06:29:49] RAW: : ping
[06:30:04] RAW: : ping
[06:30:19] RAW: : ping
[06:30:34] RAW: : ping
[06:30:49] RAW: : ping
[06:31:04] RAW: : ping
[06:31:19] RAW: : ping
[06:31:34] RAW: : ping
[06:31:49] RAW: : ping
[06:32:04] RAW: : ping
[06:32:19] RAW: : ping
[06:32:34] RAW: : ping
[06:32:49] RAW: : ping
[06:33:04] RAW: : ping
[06:33:19] RAW: : ping
[06:33:34] RAW: : ping
[06:33:49] RAW: : ping
[06:34:04] RAW: : ping
[06:34:19] RAW: : ping
[06:34:34] RAW: : ping
[06:34:49] RAW: : ping
[06:35:04] RAW: : ping
[06:35:19] RAW: : ping
[06:35:34] RAW: : ping
[06:35:49] RAW: : ping
[06:36:04] RAW: : ping
[06:36:19] RAW: : ping
[06:36:34] RAW: : ping
[06:36:49] RAW: : ping
[06:37:04] RAW: : ping
[06:37:19] RAW: : ping
[06:37:34] RAW: : ping
[06:37:49] RAW: : ping
[06:38:04] RAW: : ping
[06:38:19] RAW: : ping
[06:38:34] RAW: : ping
[06:38:49] RAW: : ping
[06:39:04] RAW: : ping
[06:39:19] RAW: : ping
[06:39:34] RAW: : ping
[06:39:49] RAW: : ping
[06:40:04] RAW: : ping
[06:40:19] RAW: : ping
[06:40:34] RAW: : ping
[06:40:49] RAW: : ping
[06:41:04] RAW: : ping
[06:41:19] RAW: : ping
[06:41:34] RAW: : ping
[06:41:49] RAW: : ping
[06:42:04] RAW: : ping
[06:42:19] RAW: : ping
[06:42:34] RAW: : ping
[06:42:49] RAW: : ping
[06:43:04] RAW: : ping
[06:43:19] RAW: : ping
[06:43:34] RAW: : ping
[06:43:49] RAW: : ping
[06:44:04] RAW: : ping
[06:44:19] RAW: : ping
[06:44:34] RAW: : ping
[06:44:49] RAW: : ping
[06:45:04] RAW: : ping
[06:45:19] RAW: : ping
[06:45:34] RAW: : ping
[06:45:49] RAW: : ping
[06:46:04] RAW: : ping
[06:46:19] RAW: : ping
[06:46:34] RAW: : ping
[06:46:49] RAW: : ping
[06:47:04] RAW: : ping
[06:47:19] RAW: : ping
[06:47:34] RAW: : ping
[06:47:49] RAW: : ping
[06:48:04] RAW: : ping
[06:48:19] RAW: : ping
[06:48:34] RAW: : ping
[06:48:49] RAW: : ping
[06:49:04] RAW: : ping
[06:49:19] RAW: : ping
[06:49:34] RAW: : ping
[06:49:49] RAW: : ping
[06:50:04] RAW: : ping
[06:50:19] RAW: : ping
[06:50:34] RAW: : ping
[06:50:49] RAW: : ping
[06:51:04] RAW: : ping
[06:51:19] RAW: : ping
[06:51:34] RAW: : ping
[06:51:49] RAW: : ping
[06:52:04] RAW: : ping
[06:52:19] RAW: : ping
[06:52:34] RAW: : ping
[06:52:49] RAW: : ping
[06:53:04] RAW: : ping
[06:53:19] RAW: : ping
[06:53:34] RAW: : ping
[06:53:49] RAW: : ping
[06:54:04] RAW: : ping
[06:54:19] RAW: : ping
[06:54:34] RAW: : ping
[06:54:49] RAW: : ping
[06:55:04] RAW: : ping
[06:55:19] RAW: : ping
[06:55:34] RAW: : ping
[06:55:49] RAW: : ping
[06:56:04] RAW: : ping
[06:56:19] RAW: : ping
[06:56:34] RAW: : ping
[06:56:49] RAW: : ping
[06:57:04] RAW: : ping
[06:57:19] RAW: : ping
[06:57:34] RAW: : ping
[06:57:49] RAW: : ping
[06:58:04] RAW: : ping
[06:58:19] RAW: : ping
[06:58:34] RAW: : ping
[06:58:49] RAW: : ping
[06:59:04] RAW: : ping
[06:59:19] RAW: : ping
[06:59:34] RAW: : ping
[06:59:49] RAW: : ping
[07:00:04] RAW: : ping
[07:00:19] RAW: : ping
[07:00:34] RAW: : ping
[07:00:49] RAW: : ping
[07:01:04] RAW: : ping
[07:01:19] RAW: : ping
[07:01:34] RAW: : ping
[07:01:49] RAW: : ping
[07:02:04] RAW: : ping
[07:02:19] RAW: : ping
[07:02:34] RAW: : ping
[07:02:49] RAW: : ping
[07:03:04] RAW: : ping
[07:03:19] RAW: : ping
[07:03:34] RAW: : ping
[07:03:49] RAW: : ping
[07:04:04] RAW: : ping
[07:04:19] RAW: : ping
[07:04:34] RAW: : ping
[07:04:49] RAW: : ping
[07:05:04] RAW: : ping
[07:05:19] RAW: : ping
[07:05:34] RAW: : ping
[07:05:49] RAW: : ping
[07:06:04] RAW: : ping
[07:06:19] RAW: : ping
[07:06:34] RAW: : ping
[07:06:49] RAW: : ping
[07:07:04] RAW: : ping
[07:07:19] RAW: : ping
[07:07:34] RAW: : ping
[07:07:49] RAW: : ping
[07:08:04] RAW: : ping
[07:08:19] RAW: : ping
[07:08:34] RAW: : ping
[07:08:49] RAW: : ping
[07:09:04] RAW: : ping
[07:09:19] RAW: : ping
[07:09:34] RAW: : ping
[07:09:49] RAW: : ping
[07:10:04] RAW: : ping
[07:10:19] RAW: : ping
[07:10:34] RAW: : ping
[07:10:49] RAW: : ping
[07:11:04] RAW: : ping
[07:11:19] RAW: : ping
[07:11:34] RAW: : ping
[07:11:49] RAW: : ping
[07:12:04] RAW: : ping
[07:12:19] RAW: : ping
[07:12:34] RAW: : ping
[07:12:49] RAW: : ping
[07:13:04] RAW: : ping
[07:13:19] RAW: : ping
[07:13:34] RAW: : ping
[07:13:49] RAW: : ping
[07:14:04] RAW: : ping
[07:14:19] RAW: : ping
[07:14:34] RAW: : ping
[07:14:49] RAW: : ping
[07:15:04] RAW: : ping
[07:15:19] RAW: : ping
[07:15:34] RAW: : ping
[07:15:49] RAW: : ping
[07:16:04] RAW: : ping
[07:16:19] RAW: : ping
[07:16:34] RAW: : ping
[07:16:49] RAW: : ping
[07:17:04] RAW: : ping
[07:17:19] RAW: : ping
[07:17:34] RAW: : ping
[07:17:49] RAW: : ping
[07:18:04] RAW: : ping
[07:18:19] RAW: : ping
[07:18:34] RAW: : ping
[07:18:49] RAW: : ping
[07:19:04] RAW: : ping
[07:19:19] RAW: : ping
[07:19:34] RAW: : ping
[07:19:49] RAW: : ping
[07:20:04] RAW: : ping
[07:20:19] RAW: : ping
[07:20:34] RAW: : ping
[07:20:49] RAW: : ping
[07:21:04] RAW: : ping
[07:21:19] RAW: : ping
[07:21:34] RAW: : ping
[07:21:49] RAW: : ping
[07:22:04] RAW: : ping
[07:22:19] RAW: : ping
[07:22:34] RAW: : ping
[07:22:49] RAW: : ping
[07:23:04] RAW: : ping
[07:23:19] RAW: : ping
[07:23:34] RAW: : ping
[07:23:49] RAW: : ping
[07:24:04] RAW: : ping
[07:24:19] RAW: : ping
[07:24:34] RAW: : ping
[07:24:49] RAW: : ping
[07:25:04] RAW: : ping
[07:25:19] RAW: : ping
[07:25:34] RAW: : ping
[07:25:49] RAW: : ping
[07:26:04] RAW: : ping
[07:26:19] RAW: : ping
[07:26:34] RAW: : ping
[07:26:49] RAW: : ping
[07:27:04] RAW: : ping
[07:27:19] RAW: : ping
[07:27:34] RAW: : ping
[07:27:49] RAW: : ping
[07:28:04] RAW: : ping
[07:28:19] RAW: : ping
[07:28:34] RAW: : ping
[07:28:49] RAW: : ping
[07:29:04] RAW: : ping
[07:29:19] RAW: : ping
[07:29:34] RAW: : ping
[07:29:49] RAW: : ping
[07:30:04] RAW: : ping
[07:30:19] RAW: : ping
[07:30:34] RAW: : ping
[07:30:49] RAW: : ping
[07:31:04] RAW: : ping
[07:31:19] RAW: : ping
[07:31:34] RAW: : ping
[07:31:49] RAW: : ping
[07:32:04] RAW: : ping
[07:32:19] RAW: : ping
[07:32:34] RAW: : ping
[07:32:49] RAW: : ping
[07:33:04] RAW: : ping
[07:33:19] RAW: : ping
[07:33:34] RAW: : ping
[07:33:49] RAW: : ping
[07:34:04] RAW: : ping
[07:34:19] RAW: : ping
[07:34:34] RAW: : ping
[07:34:49] RAW: : ping
[07:35:04] RAW: : ping
[07:35:19] RAW: : ping
[07:35:34] RAW: : ping
[07:35:49] RAW: : ping
[07:36:04] RAW: : ping
[07:36:19] RAW: : ping
[07:36:34] RAW: : ping
[07:36:49] RAW: : ping
[07:37:04] RAW: : ping
[07:37:19] RAW: : ping
[07:37:34] RAW: : ping
[07:37:49] RAW: : ping
[07:38:04] RAW: : ping
[07:38:19] RAW: : ping
[07:38:34] RAW: : ping
[07:38:49] RAW: : ping
[07:39:04] RAW: : ping
[07:39:19] RAW: : ping
[07:39:34] RAW: : ping
[07:39:49] RAW: : ping
[07:40:04] RAW: : ping
[07:40:19] RAW: : ping
[07:40:34] RAW: : ping
[07:40:49] RAW: : ping
[07:41:04] RAW: : ping
[07:41:19] RAW: : ping
[07:41:34] RAW: : ping
[07:41:49] RAW: : ping
[07:42:04] RAW: : ping
[07:42:19] RAW: : ping
[07:42:34] RAW: : ping
[07:42:49] RAW: : ping
[07:43:04] RAW: : ping
[07:43:19] RAW: : ping
[07:43:34] RAW: : ping
[07:43:49] RAW: : ping
[07:44:04] RAW: : ping
[07:44:19] RAW: : ping
[07:44:34] RAW: : ping
[07:44:49] RAW: : ping
[07:45:04] RAW: : ping
[07:45:19] RAW: : ping
[07:45:34] RAW: : ping
[07:45:49] RAW: : ping
[07:46:04] RAW: : ping
[07:46:19] RAW: : ping
[07:46:34] RAW: : ping
[07:46:49] RAW: : ping
[07:47:04] RAW: : ping
[07:47:19] RAW: : ping
[07:47:34] RAW: : ping
[07:47:49] RAW: : ping
[07:48:04] RAW: : ping
[07:48:19] RAW: : ping
[07:48:34] RAW: : ping
[07:48:49] RAW: : ping
[07:49:04] RAW: : ping
[07:49:19] RAW: : ping
[07:49:34] RAW: : ping
[07:49:49] RAW: : ping
[07:50:04] RAW: : ping
[07:50:19] RAW: : ping
[07:50:34] RAW: : ping
[07:50:49] RAW: : ping
[07:51:04] RAW: : ping
[07:51:19] RAW: : ping
[07:51:34] RAW: : ping
[07:51:49] RAW: : ping
[07:52:04] RAW: : ping
[07:52:19] RAW: : ping
[07:52:34] RAW: : ping
[07:52:49] RAW: : ping
[07:53:04] RAW: : ping
[07:53:19] RAW: : ping
[07:53:34] RAW: : ping
[07:53:49] RAW: : ping
[07:54:04] RAW: : ping
[07:54:19] RAW: : ping
[07:54:34] RAW: : ping
[07:54:49] RAW: : ping
[07:55:04] RAW: : ping
[07:55:19] RAW: : ping
[07:55:34] RAW: : ping
[07:55:49] RAW: : ping
[07:56:04] RAW: : ping
[07:56:19] RAW: : ping
[07:56:34] RAW: : ping
[07:56:49] RAW: : ping
[07:57:04] RAW: : ping
[07:57:19] RAW: : ping
[07:57:34] RAW: : ping
[07:57:49] RAW: : ping
[07:58:04] RAW: : ping
[07:58:19] RAW: : ping
[07:58:34] RAW: : ping
[07:58:49] RAW: : ping
[07:59:04] RAW: : ping
[07:59:19] RAW: : ping
[07:59:34] RAW: : ping
[07:59:49] RAW: : ping
[08:00:04] RAW: : ping
[08:00:19] RAW: : ping
[08:00:34] RAW: : ping
[08:00:49] RAW: : ping
[08:01:04] RAW: : ping
[08:01:19] RAW: : ping
[08:01:34] RAW: : ping
[08:01:49] RAW: : ping
[08:02:04] RAW: : ping
[08:02:19] RAW: : ping
[08:02:34] RAW: : ping
[08:02:49] RAW: : ping
[08:03:04] RAW: : ping
[08:03:19] RAW: : ping
[08:03:34] RAW: : ping
[08:03:49] RAW: : ping
[08:04:04] RAW: : ping
[08:04:19] RAW: : ping
[08:04:34] RAW: : ping
[08:04:49] RAW: : ping
[08:05:04] RAW: : ping
[08:05:19] RAW: : ping
[08:05:34] RAW: : ping
[08:05:49] RAW: : ping
[08:06:04] RAW: : ping
[08:06:19] RAW: : ping
[08:06:34] RAW: : ping
[08:06:49] RAW: : ping
[08:07:04] RAW: : ping
[08:07:19] RAW: : ping
[08:07:34] RAW: : ping
[08:07:49] RAW: : ping
[08:08:04] RAW: : ping
[08:08:19] RAW: : ping
[08:08:34] RAW: : ping
[08:08:49] RAW: : ping
[08:09:04] RAW: : ping
[08:09:19] RAW: : ping
[08:09:34] RAW: : ping
[08:09:49] RAW: : ping
[08:10:04] RAW: : ping
[08:10:19] RAW: : ping
[08:10:34] RAW: : ping
[08:10:49] RAW: : ping
[08:11:04] RAW: : ping
[08:11:19] RAW: : ping
[08:11:34] RAW: : ping
[08:11:49] RAW: : ping
[08:12:04] RAW: : ping
[08:12:19] RAW: : ping
[08:12:34] RAW: : ping
[08:12:49] RAW: : ping
[08:13:04] RAW: : ping
[08:13:19] RAW: : ping
[08:13:34] RAW: : ping
[08:13:49] RAW: : ping
[08:14:04] RAW: : ping
[08:14:19] RAW: : ping
[08:14:34] RAW: : ping
[08:14:49] RAW: : ping
[08:15:04] RAW: : ping
[08:15:19] RAW: : ping
[08:15:34] RAW: : ping
[08:15:49] RAW: : ping
[08:16:04] RAW: : ping
[08:16:19] RAW: : ping
[08:16:34] RAW: : ping
[08:16:49] RAW: : ping
[08:17:04] RAW: : ping
[08:17:19] RAW: : ping
[08:17:34] RAW: : ping
[08:17:50] RAW: : ping
[08:18:04] RAW: : ping
[08:18:19] RAW: : ping
[08:18:34] RAW: : ping
[08:18:49] RAW: : ping
[08:19:04] RAW: : ping
[08:19:19] RAW: : ping
[08:19:34] RAW: : ping
[08:19:49] RAW: : ping
[08:20:04] RAW: : ping
[08:20:19] RAW: : ping
[08:20:34] RAW: : ping
[08:20:49] RAW: : ping
[08:21:04] RAW: : ping
[08:21:19] RAW: : ping
[08:21:34] RAW: : ping
[08:21:49] RAW: : ping
[08:22:04] RAW: : ping
[08:22:19] RAW: : ping
[08:22:34] RAW: : ping
[08:22:49] RAW: : ping
[08:23:04] RAW: : ping
[08:23:19] RAW: : ping
[08:23:34] RAW: : ping
[08:23:49] RAW: : ping
[08:24:04] RAW: : ping
[08:24:19] RAW: : ping
[08:24:34] RAW: : ping
[08:24:49] RAW: : ping
[08:25:04] RAW: : ping
[08:25:19] RAW: : ping
[08:25:34] RAW: : ping
[08:25:49] RAW: : ping
[08:26:04] RAW: : ping
[08:26:19] RAW: : ping
[08:26:34] RAW: : ping
[08:26:49] RAW: : ping
[08:27:04] RAW: : ping
[08:27:19] RAW: : ping
[08:27:34] RAW: : ping
[08:27:49] RAW: : ping
[08:28:04] RAW: : ping
[08:28:19] RAW: : ping
[08:28:34] RAW: : ping
[08:28:49] RAW: : ping
[08:29:04] RAW: : ping
[08:29:19] RAW: : ping
[08:29:34] RAW: : ping
[08:29:49] RAW: : ping
[08:30:04] RAW: : ping
[08:30:19] RAW: : ping
[08:30:34] RAW: : ping
[08:30:49] RAW: : ping
[08:31:04] RAW: : ping
[08:31:19] RAW: : ping
[08:31:34] RAW: : ping
[08:31:49] RAW: : ping
[08:32:04] RAW: : ping
[08:32:19] RAW: : ping
[08:32:34] RAW: : ping
[08:32:49] RAW: : ping
[08:33:04] RAW: : ping
[08:33:19] RAW: : ping
[08:33:34] RAW: : ping
[08:33:49] RAW: : ping
[08:34:04] RAW: : ping
[08:34:19] RAW: : ping
[08:34:34] RAW: : ping
[08:34:49] RAW: : ping
[08:35:04] RAW: : ping
[08:35:19] RAW: : ping
[08:35:34] RAW: : ping
[08:35:49] RAW: : ping
[08:36:04] RAW: : ping
[08:36:19] RAW: : ping
[08:36:34] RAW: : ping
[08:36:49] RAW: : ping
[08:37:04] RAW: : ping
[08:37:19] RAW: : ping
[08:37:34] RAW: : ping
[08:37:49] RAW: : ping
[08:38:04] RAW: : ping
[08:38:19] RAW: : ping
[08:38:34] RAW: : ping
[08:38:49] RAW: : ping
[08:39:04] RAW: : ping
[08:39:19] RAW: : ping
[08:39:34] RAW: : ping
[08:39:49] RAW: : ping
[08:40:04] RAW: : ping
[08:40:19] RAW: : ping
[08:40:34] RAW: : ping
[08:40:49] RAW: : ping
[08:41:04] RAW: : ping
[08:41:19] RAW: : ping
[08:41:34] RAW: : ping
[08:41:49] RAW: : ping
[08:42:04] RAW: : ping
[08:42:19] RAW: : ping
[08:42:34] RAW: : ping
[08:42:49] RAW: : ping
[08:43:04] RAW: : ping
[08:43:19] RAW: : ping
[08:43:34] RAW: : ping
[08:43:49] RAW: : ping
[08:44:04] RAW: : ping
[08:44:19] RAW: : ping
[08:44:34] RAW: : ping
[08:44:49] RAW: : ping
[08:45:04] RAW: : ping
[08:45:19] RAW: : ping
[08:45:34] RAW: : ping
[08:45:49] RAW: : ping
[08:46:04] RAW: : ping
[08:46:19] RAW: : ping
[08:46:34] RAW: : ping
[08:46:49] RAW: : ping
[08:47:04] RAW: : ping
[08:47:19] RAW: : ping
[08:47:34] RAW: : ping
[08:47:49] RAW: : ping
[08:48:04] RAW: : ping
[08:48:19] RAW: : ping
[08:48:34] RAW: : ping
[08:48:49] RAW: : ping
[08:49:04] RAW: : ping
[08:49:19] RAW: : ping
[08:49:34] RAW: : ping
[08:49:49] RAW: : ping
[08:50:04] RAW: : ping
[08:50:19] RAW: : ping
[08:50:34] RAW: : ping
[08:50:49] RAW: : ping
[08:51:04] RAW: : ping
[08:51:19] RAW: : ping
[08:51:34] RAW: : ping
[08:51:49] RAW: : ping
[08:52:04] RAW: : ping
[08:52:19] RAW: : ping
[08:52:34] RAW: : ping
[08:52:49] RAW: : ping
[08:53:04] RAW: : ping
[08:53:19] RAW: : ping
[08:53:34] RAW: : ping
[08:53:49] RAW: : ping
[08:54:04] RAW: : ping
[08:54:19] RAW: : ping
[08:54:34] RAW: : ping
[08:54:49] RAW: : ping
[08:55:04] RAW: : ping
[08:55:19] RAW: : ping
[08:55:34] RAW: : ping
[08:55:49] RAW: : ping
[08:56:04] RAW: : ping
[08:56:19] RAW: : ping
[08:56:34] RAW: : ping
[08:56:49] RAW: : ping
[08:57:04] RAW: : ping
[08:57:19] RAW: : ping
[08:57:34] RAW: : ping
[08:57:49] RAW: : ping
[08:58:04] RAW: : ping
[08:58:19] RAW: : ping
[08:58:34] RAW: : ping
[08:58:49] RAW: : ping
[08:59:04] RAW: : ping
[08:59:19] RAW: : ping
[08:59:34] RAW: : ping
[08:59:49] RAW: : ping
[09:00:04] RAW: : ping
[09:00:19] RAW: : ping
[09:00:34] RAW: : ping
[09:00:49] RAW: : ping
[09:01:04] RAW: : ping
[09:01:19] RAW: : ping
[09:01:34] RAW: : ping
[09:01:49] RAW: : ping
[09:02:04] RAW: : ping
[09:02:19] RAW: : ping
[09:02:34] RAW: : ping
[09:02:49] RAW: : ping
[09:03:04] RAW: : ping
[09:03:19] RAW: : ping
[09:03:34] RAW: : ping
[09:03:49] RAW: : ping
[09:04:04] RAW: : ping
[09:04:19] RAW: : ping
[09:04:34] RAW: : ping
[09:04:49] RAW: : ping
[09:05:04] RAW: : ping
[09:05:19] RAW: : ping
[09:05:34] RAW: : ping
[09:05:49] RAW: : ping
[09:06:04] RAW: : ping
[09:06:19] RAW: : ping
[09:06:34] RAW: : ping
[09:06:49] RAW: : ping
[09:07:04] RAW: : ping
[09:07:19] RAW: : ping
[09:07:34] RAW: : ping
[09:07:49] RAW: : ping
[09:08:04] RAW: : ping
[09:08:19] RAW: : ping
[09:08:34] RAW: : ping
[09:08:49] RAW: : ping
[09:09:04] RAW: : ping
[09:09:19] RAW: : ping
[09:09:34] RAW: : ping
[09:09:49] RAW: : ping
[09:10:04] RAW: : ping
[09:10:19] RAW: : ping
[09:10:34] RAW: : ping
[09:10:49] RAW: : ping
[09:11:04] RAW: : ping
[09:11:19] RAW: : ping
[09:11:34] RAW: : ping
[09:11:49] RAW: : ping
[09:12:04] RAW: : ping
[09:12:19] RAW: : ping
[09:12:34] RAW: : ping
[09:12:49] RAW: : ping
[09:13:04] RAW: : ping
[09:13:19] RAW: : ping
[09:13:34] RAW: : ping
[09:13:49] RAW: : ping
[09:14:04] RAW: : ping
[09:14:19] RAW: : ping
[09:14:34] RAW: : ping
[09:14:49] RAW: : ping
[09:15:04] RAW: : ping
[09:15:19] RAW: : ping
[09:15:34] RAW: : ping
[09:15:49] RAW: : ping
[09:16:04] RAW: : ping
[09:16:19] RAW: : ping
[09:16:34] RAW: : ping
[09:16:49] RAW: : ping
[09:17:04] RAW: : ping
[09:17:19] RAW: : ping
[09:17:34] RAW: : ping
[09:17:49] RAW: : ping
[09:18:04] RAW: : ping
[09:18:19] RAW: : ping
[09:18:34] RAW: : ping
[09:18:49] RAW: : ping
[09:19:04] RAW: : ping
[09:19:19] RAW: : ping
[09:19:34] RAW: : ping
[09:19:49] RAW: : ping
[09:20:04] RAW: : ping
[09:20:19] RAW: : ping
[09:20:34] RAW: : ping
[09:20:49] RAW: : ping
[09:21:04] RAW: : ping
[09:21:19] RAW: : ping
[09:21:34] RAW: : ping
[09:21:49] RAW: : ping
[09:22:04] RAW: : ping
[09:22:19] RAW: : ping
[09:22:34] RAW: : ping
[09:22:49] RAW: : ping
[09:23:04] RAW: : ping
[09:23:19] RAW: : ping
[09:23:34] RAW: : ping
[09:23:49] RAW: : ping
[09:24:04] RAW: : ping
[09:24:19] RAW: : ping
[09:24:34] RAW: : ping
[09:24:49] RAW: : ping
[09:25:04] RAW: : ping
[09:25:19] RAW: : ping
[09:25:34] RAW: : ping
[09:25:49] RAW: : ping
[09:26:04] RAW: : ping
[09:26:19] RAW: : ping
[09:26:34] RAW: : ping
[09:26:49] RAW: : ping
[09:27:04] RAW: : ping
[09:27:19] RAW: : ping
[09:27:34] RAW: : ping
[09:27:49] RAW: : ping
[09:28:04] RAW: : ping
[09:28:19] RAW: : ping
[09:28:34] RAW: : ping
[09:28:49] RAW: : ping
[09:29:04] RAW: : ping
[09:29:19] RAW: : ping
[09:29:34] RAW: : ping
[09:29:49] RAW: : ping
[09:30:04] RAW: : ping
[09:30:19] RAW: : ping
[09:30:34] RAW: : ping
[09:30:49] RAW: : ping
[09:31:04] RAW: : ping
[09:31:19] RAW: : ping
[09:31:34] RAW: : ping
[09:31:49] RAW: : ping
[09:32:04] RAW: : ping
[09:32:19] RAW: : ping
[09:32:34] RAW: : ping
[09:32:49] RAW: : ping
[09:33:04] RAW: : ping
[09:33:19] RAW: : ping
[09:33:34] RAW: : ping
[09:33:49] RAW: : ping
[09:34:04] RAW: : ping
[09:34:19] RAW: : ping
[09:34:34] RAW: : ping
[09:34:49] RAW: : ping
[09:35:04] RAW: : ping
[09:35:19] RAW: : ping
[09:35:34] RAW: : ping
[09:35:49] RAW: : ping
[09:36:04] RAW: : ping
[09:36:19] RAW: : ping
[09:36:34] RAW: : ping
[09:36:49] RAW: : ping
[09:37:04] RAW: : ping
[09:37:19] RAW: : ping
[09:37:34] RAW: : ping
[09:37:49] RAW: : ping
[09:38:04] RAW: : ping
[09:38:19] RAW: : ping
[09:38:34] RAW: : ping
[09:38:49] RAW: : ping
[09:39:04] RAW: : ping
[09:39:19] RAW: : ping
[09:39:34] RAW: : ping
[09:39:49] RAW: : ping
[09:40:04] RAW: : ping
[09:40:19] RAW: : ping
[09:40:34] RAW: : ping
[09:40:49] RAW: : ping
[09:41:04] RAW: : ping
[09:41:19] RAW: : ping
[09:41:34] RAW: : ping
[09:41:49] RAW: : ping
[09:42:04] RAW: : ping
[09:42:19] RAW: : ping
[09:42:34] RAW: : ping
[09:42:49] RAW: : ping
[09:43:04] RAW: : ping
[09:43:19] RAW: : ping
[09:43:34] RAW: : ping
[09:43:49] RAW: : ping
[09:44:04] RAW: : ping
[09:44:19] RAW: : ping
[09:44:34] RAW: : ping
[09:44:49] RAW: : ping
[09:45:04] RAW: : ping
[09:45:19] RAW: : ping
[09:45:34] RAW: : ping
[09:45:49] RAW: : ping
[09:46:04] RAW: : ping
[09:46:19] RAW: : ping
[09:46:34] RAW: : ping
[09:46:49] RAW: : ping
[09:47:04] RAW: : ping
[09:47:19] RAW: : ping
[09:47:34] RAW: : ping
[09:47:49] RAW: : ping
[09:48:04] RAW: : ping
[09:48:19] RAW: : ping
[09:48:34] RAW: : ping
[09:48:49] RAW: : ping
[09:49:04] RAW: : ping
[09:49:19] RAW: : ping
[09:49:34] RAW: : ping
[09:49:49] RAW: : ping
[09:50:04] RAW: : ping
[09:50:19] RAW: : ping
[09:50:34] RAW: : ping
[09:50:49] RAW: : ping
[09:51:04] RAW: : ping
[09:51:19] RAW: : ping
[09:51:34] RAW: : ping
[09:51:49] RAW: : ping
[09:52:04] RAW: : ping
[09:52:19] RAW: : ping
[09:52:34] RAW: : ping
[09:52:49] RAW: : ping
[09:53:04] RAW: : ping
[09:53:19] RAW: : ping
[09:53:34] RAW: : ping
[09:53:49] RAW: : ping
[09:54:04] RAW: : ping
[09:54:19] RAW: : ping
[09:54:34] RAW: : ping
[09:54:49] RAW: : ping
[09:55:04] RAW: : ping
[09:55:19] RAW: : ping
[09:55:34] RAW: : ping
[09:55:49] RAW: : ping
[09:56:04] RAW: : ping
[09:56:19] RAW: : ping
[09:56:34] RAW: : ping
[09:56:49] RAW: : ping
[09:57:04] RAW: : ping
[09:57:19] RAW: : ping
[09:57:35] RAW: : ping
[09:57:49] RAW: : ping
[09:58:04] RAW: : ping
[09:58:19] RAW: : ping
[09:58:35] RAW: : ping
[09:58:49] RAW: : ping
[09:59:04] RAW: : ping
[09:59:19] RAW: : ping
[09:59:34] RAW: : ping
[09:59:49] RAW: : ping
[10:00:04] RAW: : ping
[10:00:19] RAW: : ping
[10:00:34] RAW: : ping
[10:00:49] RAW: : ping
[10:01:04] RAW: : ping
[10:01:20] RAW: : ping
[10:01:34] RAW: : ping
[10:01:49] RAW: : ping
[10:02:04] RAW: : ping
[10:02:19] RAW: : ping
[10:02:35] RAW: : ping
[10:02:49] RAW: : ping
[10:03:04] RAW: : ping
[10:03:20] RAW: : ping
[10:03:34] RAW: : ping
[10:03:49] RAW: : ping
[10:04:05] RAW: : ping
[10:04:20] RAW: : ping
[10:04:35] RAW: : ping
[10:04:49] RAW: : ping
[10:05:04] RAW: : ping
[10:05:20] RAW: : ping
[10:05:35] RAW: : ping
[10:05:50] RAW: : ping
[10:06:04] RAW: : ping
[10:06:20] RAW: : ping
[10:06:34] RAW: : ping
[10:06:49] RAW: : ping
[10:07:05] RAW: : ping
[10:07:19] RAW: : ping
[10:07:35] RAW: : ping
[10:07:50] RAW: : ping
[10:08:05] RAW: : ping
[10:08:20] RAW: : ping
[10:08:35] RAW: : ping
[10:08:50] RAW: : ping
[10:09:05] RAW: : ping
[10:09:20] RAW: : ping
[10:09:35] RAW: : ping
[10:09:50] RAW: : ping
[10:10:05] RAW: : ping
[10:10:20] RAW: : ping
[10:10:35] RAW: : ping
[10:10:50] RAW: : ping
[10:11:05] RAW: : ping
[10:11:20] RAW: : ping
[10:11:35] RAW: : ping
[10:11:50] RAW: : ping
[10:12:05] RAW: : ping
[10:12:20] RAW: : ping
[10:12:35] RAW: : ping
[10:12:50] RAW: : ping
[10:13:05] RAW: : ping
[10:13:20] RAW: : ping
[10:13:35] RAW: : ping
[10:13:50] RAW: : ping
[10:14:05] RAW: : ping
[10:14:20] RAW: : ping
[10:14:35] RAW: : ping
[10:14:50] RAW: : ping
[10:15:05] RAW: : ping
[10:15:20] RAW: : ping
[10:15:35] RAW: : ping
[10:15:50] RAW: : ping
[10:16:05] RAW: : ping
[10:16:20] RAW: : ping
[10:16:35] RAW: : ping
[10:16:50] RAW: : ping
[10:17:05] RAW: : ping
[10:17:20] RAW: : ping
[10:17:35] RAW: : ping
[10:17:50] RAW: : ping
[10:18:05] RAW: : ping
[10:18:20] RAW: : ping
[10:18:35] RAW: : ping
[10:18:50] RAW: : ping
[10:19:05] RAW: : ping
[10:19:20] RAW: : ping
[10:19:35] RAW: : ping
[10:19:50] RAW: : ping
[10:20:05] RAW: : ping
[10:20:20] RAW: : ping
[10:20:35] RAW: : ping
[10:20:50] RAW: : ping
[10:21:05] RAW: : ping
[10:21:20] RAW: : ping
[10:21:35] RAW: : ping
[10:21:50] RAW: : ping
[10:22:05] RAW: : ping
[10:22:20] RAW: : ping
[10:22:35] RAW: : ping
[10:22:50] RAW: : ping
[10:23:05] RAW: : ping
[10:23:20] RAW: : ping
[10:23:35] RAW: : ping
[10:23:50] RAW: : ping
[10:24:05] RAW: : ping
[10:24:20] RAW: : ping
[10:24:35] RAW: : ping
[10:24:50] RAW: : ping
[10:25:05] RAW: : ping
[10:25:20] RAW: : ping
[10:25:35] RAW: : ping
[10:25:50] RAW: : ping
[10:26:05] RAW: : ping
[10:26:20] RAW: : ping
[10:26:35] RAW: : ping
[10:26:50] RAW: : ping
[10:27:05] RAW: : ping
[10:27:20] RAW: : ping
[10:27:35] RAW: : ping
[10:27:50] RAW: : ping
[10:28:05] RAW: : ping
[10:28:20] RAW: : ping
[10:28:35] RAW: : ping
[10:28:50] RAW: : ping
[10:29:05] RAW: : ping
[10:29:20] RAW: : ping
[10:29:35] RAW: : ping
[10:29:50] RAW: : ping
[10:30:05] RAW: : ping
[10:30:20] RAW: : ping
[10:30:35] RAW: : ping
[10:30:50] RAW: : ping
[10:31:05] RAW: : ping
[10:31:20] RAW: : ping
[10:31:35] RAW: : ping
[10:31:50] RAW: : ping
[10:32:05] RAW: : ping
[10:32:20] RAW: : ping
[10:32:35] RAW: : ping
[10:32:50] RAW: : ping
[10:33:05] RAW: : ping
[10:33:20] RAW: : ping
[10:33:35] RAW: : ping
[10:33:50] RAW: : ping
[10:34:05] RAW: : ping
[10:34:20] RAW: : ping
[10:34:35] RAW: : ping
[10:34:50] RAW: : ping
[10:35:05] RAW: : ping
[10:35:20] RAW: : ping
[10:35:35] RAW: : ping
[10:35:50] RAW: : ping
[10:36:05] RAW: : ping
[10:36:20] RAW: : ping
[10:36:35] RAW: : ping
[10:36:50] RAW: : ping
[10:37:05] RAW: : ping
[10:37:20] RAW: : ping
[10:37:35] RAW: : ping
[10:37:50] RAW: : ping
[10:38:05] RAW: : ping
[10:38:20] RAW: : ping
[10:38:35] RAW: : ping
[10:38:50] RAW: : ping
[10:39:05] RAW: : ping
[10:39:20] RAW: : ping
[10:39:35] RAW: : ping
[10:39:50] RAW: : ping
[10:40:05] RAW: : ping
[10:40:20] RAW: : ping
[10:40:35] RAW: : ping
[10:40:50] RAW: : ping
[10:41:05] RAW: : ping
[10:41:20] RAW: : ping
[10:41:35] RAW: : ping
[10:41:50] RAW: : ping
[10:42:05] RAW: : ping
[10:42:20] RAW: : ping
[10:42:35] RAW: : ping
[10:42:50] RAW: : ping
[10:43:05] RAW: : ping
[10:43:20] RAW: : ping
[10:43:35] RAW: : ping
[10:43:50] RAW: : ping
[10:44:05] RAW: : ping
[10:44:20] RAW: : ping
[10:44:35] RAW: : ping
[10:44:50] RAW: : ping
[10:45:05] RAW: : ping
[10:45:20] RAW: : ping
[10:45:35] RAW: : ping
[10:45:50] RAW: : ping
[10:46:05] RAW: : ping
[10:46:20] RAW: : ping
[10:46:35] RAW: : ping
[10:46:50] RAW: : ping
[10:47:05] RAW: : ping
[10:47:20] RAW: : ping
[10:47:35] RAW: : ping
[10:47:50] RAW: : ping
[10:48:05] RAW: : ping
[10:48:20] RAW: : ping
[10:48:35] RAW: : ping
[10:48:50] RAW: : ping
[10:49:05] RAW: : ping
[10:49:20] RAW: : ping
[10:49:35] RAW: : ping
[10:49:50] RAW: : ping
[10:50:05] RAW: : ping
[10:50:20] RAW: : ping
[10:50:35] RAW: : ping
[10:50:50] RAW: : ping
[10:51:05] RAW: : ping
[10:51:20] RAW: : ping
[10:51:35] RAW: : ping
[10:51:50] RAW: : ping
[10:52:05] RAW: : ping
[10:52:20] RAW: : ping
[10:52:35] RAW: : ping
[10:52:50] RAW: : ping
[10:53:05] RAW: : ping
[10:53:20] RAW: : ping
[10:53:35] RAW: : ping
[10:53:50] RAW: : ping
[10:54:05] RAW: : ping
[10:54:20] RAW: : ping
[10:54:35] RAW: : ping
[10:54:50] RAW: : ping
[10:55:05] RAW: : ping
[10:55:20] RAW: : ping
[10:55:35] RAW: : ping
[10:55:50] RAW: : ping
[10:56:05] RAW: : ping
[10:56:20] RAW: : ping
[10:56:35] RAW: : ping
[10:56:50] RAW: : ping
[10:57:05] RAW: : ping
[10:57:20] RAW: : ping
[10:57:35] RAW: : ping
[10:57:50] RAW: : ping
[10:58:05] RAW: : ping
[10:58:20] RAW: : ping
[10:58:35] RAW: : ping
[10:58:50] RAW: : ping
[10:59:05] RAW: : ping
[10:59:20] RAW: : ping
[10:59:35] RAW: : ping
[10:59:50] RAW: : ping
[11:00:05] RAW: : ping
[11:00:20] RAW: : ping
[11:00:35] RAW: : ping
[11:00:50] RAW: : ping
[11:01:05] RAW: : ping
[11:01:20] RAW: : ping
[11:01:35] RAW: : ping
[11:01:50] RAW: : ping
[11:02:05] RAW: : ping
[11:02:20] RAW: : ping
[11:02:35] RAW: : ping
[11:02:50] RAW: : ping
[11:03:05] RAW: : ping
[11:03:20] RAW: : ping
[11:03:35] RAW: : ping
[11:03:50] RAW: : ping
[11:04:05] RAW: : ping
[11:04:20] RAW: : ping
[11:04:35] RAW: : ping
[11:04:50] RAW: : ping
[11:05:05] RAW: : ping
[11:05:20] RAW: : ping
[11:05:35] RAW: : ping
[11:05:50] RAW: : ping
[11:06:05] RAW: : ping
[11:06:20] RAW: : ping
[11:06:35] RAW: : ping
[11:06:50] RAW: : ping
[11:07:05] RAW: : ping
[11:07:20] RAW: : ping
[11:07:35] RAW: : ping
[11:07:50] RAW: : ping
[11:08:05] RAW: : ping
[11:08:20] RAW: : ping
[11:08:35] RAW: : ping
[11:08:50] RAW: : ping
[11:09:05] RAW: : ping
[11:09:20] RAW: : ping
[11:09:35] RAW: : ping
[11:09:50] RAW: : ping
[11:10:05] RAW: : ping
[11:10:20] RAW: : ping
[11:10:35] RAW: : ping
[11:10:50] RAW: : ping
[11:11:05] RAW: : ping
[11:11:20] RAW: : ping
[11:11:35] RAW: : ping
[11:11:50] RAW: : ping
[11:12:05] RAW: : ping
[11:12:20] RAW: : ping
[11:12:35] RAW: : ping
[11:12:50] RAW: : ping
[11:13:05] RAW: : ping
[11:13:20] RAW: : ping
[11:13:35] RAW: : ping
[11:13:50] RAW: : ping
[11:14:05] RAW: : ping
[11:14:20] RAW: : ping
[11:14:35] RAW: : ping
[11:14:50] RAW: : ping
[11:15:05] RAW: : ping
[11:15:20] RAW: : ping
[11:15:35] RAW: : ping
[11:15:50] RAW: : ping
[11:16:05] RAW: : ping
[11:16:20] RAW: : ping
[11:16:35] RAW: : ping
[11:16:50] RAW: : ping
[11:17:05] RAW: : ping
[11:17:20] RAW: : ping
[11:17:35] RAW: : ping
[11:17:50] RAW: : ping
[11:18:05] RAW: : ping
[11:18:20] RAW: : ping
[11:18:35] RAW: : ping
[11:18:50] RAW: : ping
[11:19:05] RAW: : ping
[11:19:20] RAW: : ping
[11:19:35] RAW: : ping
[11:19:50] RAW: : ping
[11:20:05] RAW: : ping
[11:20:20] RAW: : ping
[11:20:35] RAW: : ping
[11:20:50] RAW: : ping
[11:21:05] RAW: : ping
[11:21:20] RAW: : ping
[11:21:35] RAW: : ping
[11:21:50] RAW: : ping
[11:22:05] RAW: : ping
[11:22:20] RAW: : ping
[11:22:35] RAW: : ping
[11:22:50] RAW: : ping
[11:23:05] RAW: : ping
[11:23:20] RAW: : ping
[11:23:35] RAW: : ping
[11:23:50] RAW: : ping
[11:24:05] RAW: : ping
[11:24:20] RAW: : ping
[11:24:35] RAW: : ping
[11:24:50] RAW: : ping
[11:25:05] RAW: : ping
[11:25:20] RAW: : ping
[11:25:35] RAW: : ping
[11:25:50] RAW: : ping
[11:26:05] RAW: : ping
[11:26:20] RAW: : ping
[11:26:35] RAW: : ping
[11:26:50] RAW: : ping
[11:27:05] RAW: : ping
[11:27:20] RAW: : ping
[11:27:35] RAW: : ping
[11:27:50] RAW: : ping
[11:28:05] RAW: : ping
[11:28:20] RAW: : ping
[11:28:35] RAW: : ping
[11:28:50] RAW: : ping
[11:29:05] RAW: : ping
[11:29:20] RAW: : ping
[11:29:35] RAW: : ping
[11:29:50] RAW: : ping
[11:30:05] RAW: : ping
[11:30:20] RAW: : ping
[11:30:35] RAW: : ping
[11:30:50] RAW: : ping
[11:31:05] RAW: : ping
[11:31:20] RAW: : ping
[11:31:35] RAW: : ping
[11:31:50] RAW: : ping
[11:32:05] RAW: : ping
[11:32:20] RAW: : ping
[11:32:35] RAW: : ping
[11:32:50] RAW: : ping
[11:33:05] RAW: : ping
[11:33:20] RAW: : ping
[11:33:35] RAW: : ping
[11:33:50] RAW: : ping
[11:34:05] RAW: : ping
[11:34:20] RAW: : ping
[11:34:35] RAW: : ping
[11:34:50] RAW: : ping
[11:35:05] RAW: : ping
[11:35:20] RAW: : ping
[11:35:35] RAW: : ping
[11:35:50] RAW: : ping
[11:36:05] RAW: : ping
[11:36:20] RAW: : ping
[11:36:35] RAW: : ping
[11:36:50] RAW: : ping
[11:37:05] RAW: : ping
[11:37:20] RAW: : ping
[11:37:35] RAW: : ping
[11:37:50] RAW: : ping
[11:38:05] RAW: : ping
[11:38:20] RAW: : ping
[11:38:35] RAW: : ping
[11:38:50] RAW: : ping
[11:39:05] RAW: : ping
[11:39:20] RAW: : ping
[11:39:35] RAW: : ping
[11:39:50] RAW: : ping
[11:40:05] RAW: : ping
[11:40:20] RAW: : ping
[11:40:35] RAW: : ping
[11:40:50] RAW: : ping
[11:41:05] RAW: : ping
[11:41:20] RAW: : ping
[11:41:35] RAW: : ping
[11:41:50] RAW: : ping
[11:42:05] RAW: : ping
[11:42:20] RAW: : ping
[11:42:35] RAW: : ping
[11:42:50] RAW: : ping
[11:43:05] RAW: : ping
[11:43:20] RAW: : ping
[11:43:35] RAW: : ping
[11:43:50] RAW: : ping
[11:44:05] RAW: : ping
[11:44:20] RAW: : ping
[11:44:35] RAW: : ping
[11:44:50] RAW: : ping
[11:45:05] RAW: : ping
[11:45:20] RAW: : ping
[11:45:35] RAW: : ping
[11:45:50] RAW: : ping
[11:46:05] RAW: : ping
[11:46:20] RAW: : ping
[11:46:35] RAW: : ping
[11:46:50] RAW: : ping
[11:47:05] RAW: : ping
[11:47:20] RAW: : ping
[11:47:35] RAW: : ping
[11:47:50] RAW: : ping
[11:48:05] RAW: : ping
[11:48:20] RAW: : ping
[11:48:35] RAW: : ping
[11:48:50] RAW: : ping
[11:49:05] RAW: : ping
[11:49:20] RAW: : ping
[11:49:35] RAW: : ping
[11:49:50] RAW: : ping
[11:50:05] RAW: : ping
[11:50:20] RAW: : ping
[11:50:35] RAW: : ping
[11:50:50] RAW: : ping
[11:51:05] RAW: : ping
[11:51:20] RAW: : ping
[11:51:35] RAW: : ping
[11:51:50] RAW: : ping
[11:52:05] RAW: : ping
[11:52:20] RAW: : ping
[11:52:35] RAW: : ping
[11:52:50] RAW: : ping
[11:53:05] RAW: : ping
[11:53:20] RAW: : ping
[11:53:35] RAW: : ping
[11:53:50] RAW: : ping
[11:54:05] RAW: : ping
[11:54:20] RAW: : ping
[11:54:35] RAW: : ping
[11:54:50] RAW: : ping
[11:55:05] RAW: : ping
[11:55:20] RAW: : ping
[11:55:35] RAW: : ping
[11:55:50] RAW: : ping
[11:56:05] RAW: : ping
[11:56:20] RAW: : ping
[11:56:35] RAW: : ping
[11:56:50] RAW: : ping
[11:57:05] RAW: : ping
[11:57:20] RAW: : ping
[11:57:35] RAW: : ping
[11:57:50] RAW: : ping
[11:58:05] RAW: : ping
[11:58:20] RAW: : ping
[11:58:35] RAW: : ping
[11:58:50] RAW: : ping
[11:59:05] RAW: : ping
[11:59:20] RAW: : ping
[11:59:35] RAW: : ping
[11:59:50] RAW: : ping
[12:00:05] RAW: : ping
[12:00:20] RAW: : ping
[12:00:35] RAW: : ping
[12:00:50] RAW: : ping
[12:01:05] RAW: : ping
[12:01:20] RAW: : ping
[12:01:35] RAW: : ping
[12:01:50] RAW: : ping
[12:02:05] RAW: : ping
[12:02:20] RAW: : ping
[12:02:35] RAW: : ping
[12:02:50] RAW: : ping
[12:03:05] RAW: : ping
[12:03:20] RAW: : ping
[12:03:35] RAW: : ping
[12:03:50] RAW: : ping
[12:04:05] RAW: : ping
[12:04:20] RAW: : ping
[12:04:35] RAW: : ping
[12:04:50] RAW: : ping
[12:05:05] RAW: : ping
[12:05:20] RAW: : ping
[12:05:35] RAW: : ping
[12:05:50] RAW: : ping
[12:06:05] RAW: : ping
[12:06:20] RAW: : ping
[12:06:35] RAW: : ping
[12:06:50] RAW: : ping
[12:07:05] RAW: : ping
[12:07:20] RAW: : ping
[12:07:35] RAW: : ping
[12:07:50] RAW: : ping
[12:08:05] RAW: : ping
[12:08:20] RAW: : ping
[12:08:35] RAW: : ping
[12:08:50] RAW: : ping
[12:09:05] RAW: : ping
[12:09:20] RAW: : ping
[12:09:35] RAW: : ping
[12:09:50] RAW: : ping
[12:10:05] RAW: : ping
[12:10:20] RAW: : ping
[12:10:35] RAW: : ping
[12:10:50] RAW: : ping
[12:11:05] RAW: : ping
[12:11:20] RAW: : ping
[12:11:35] RAW: : ping
[12:11:50] RAW: : ping
[12:12:05] RAW: : ping
[12:12:20] RAW: : ping
[12:12:35] RAW: : ping
[12:12:50] RAW: : ping
[12:13:05] RAW: : ping
[12:13:20] RAW: : ping
[12:13:35] RAW: : ping
[12:13:50] RAW: : ping
[12:14:05] RAW: : ping
[12:14:20] RAW: : ping
[12:14:35] RAW: : ping
[12:14:50] RAW: : ping
[12:15:05] RAW: : ping
[12:15:20] RAW: : ping
[12:15:35] RAW: : ping
[12:15:50] RAW: : ping
[12:16:05] RAW: : ping
[12:16:20] RAW: : ping
[12:16:35] RAW: : ping
[12:16:50] RAW: : ping
[12:17:05] RAW: : ping
[12:17:20] RAW: : ping
[12:17:35] RAW: : ping
[12:17:50] RAW: : ping
[12:18:05] RAW: : ping
[12:18:20] RAW: : ping
[12:18:35] RAW: : ping
[12:18:50] RAW: : ping
[12:19:05] RAW: : ping
[12:19:20] RAW: : ping
[12:19:35] RAW: : ping
[12:19:50] RAW: : ping
[12:20:05] RAW: : ping
[12:20:20] RAW: : ping
[12:20:35] RAW: : ping
[12:20:50] RAW: : ping
[12:21:05] RAW: : ping
[12:21:20] RAW: : ping
[12:21:35] RAW: : ping
[12:21:50] RAW: : ping
[12:22:05] RAW: : ping
[12:22:20] RAW: : ping
[12:22:35] RAW: : ping
[12:22:50] RAW: : ping
[12:23:05] RAW: : ping
[12:23:20] RAW: : ping
[12:23:35] RAW: : ping
[12:23:50] RAW: : ping
[12:24:05] RAW: : ping
[12:24:20] RAW: : ping
[12:24:35] RAW: : ping
[12:24:50] RAW: : ping
[12:25:05] RAW: : ping
[12:25:20] RAW: : ping
[12:25:35] RAW: : ping
[12:25:50] RAW: : ping
[12:26:05] RAW: : ping
[12:26:20] RAW: : ping
[12:26:35] RAW: : ping
[12:26:50] RAW: : ping
[12:27:05] RAW: : ping
[12:27:20] RAW: : ping
[12:27:35] RAW: : ping
[12:27:50] RAW: : ping
[12:28:05] RAW: : ping
[12:28:20] RAW: : ping
[12:28:35] RAW: : ping
[12:28:50] RAW: : ping
[12:29:05] RAW: : ping
[12:29:20] RAW: : ping
[12:29:35] RAW: : ping
[12:29:50] RAW: : ping
[12:30:05] RAW: : ping
[12:30:20] RAW: : ping
[12:30:35] RAW: : ping
[12:30:50] RAW: : ping
[12:31:05] RAW: : ping
[12:31:20] RAW: : ping
[12:31:35] RAW: : ping
[12:31:50] RAW: : ping
[12:32:05] RAW: : ping
[12:32:20] RAW: : ping
[12:32:35] RAW: : ping
[12:32:50] RAW: : ping
[12:33:05] RAW: : ping
[12:33:20] RAW: : ping
[12:33:35] RAW: : ping
[12:33:50] RAW: : ping
[12:34:05] RAW: : ping
[12:34:20] RAW: : ping
[12:34:35] RAW: : ping
[12:34:50] RAW: : ping
[12:35:05] RAW: : ping
[12:35:20] RAW: : ping
[12:35:35] RAW: : ping
[12:35:50] RAW: : ping
[12:36:05] RAW: : ping
[12:36:20] RAW: : ping
[12:36:35] RAW: : ping
[12:36:50] RAW: : ping
[12:37:05] RAW: : ping
[12:37:20] RAW: : ping
[12:37:35] RAW: : ping
[12:37:50] RAW: : ping
[12:38:05] RAW: : ping
[12:38:20] RAW: : ping
[12:38:35] RAW: : ping
[12:38:50] RAW: : ping
[12:39:05] RAW: : ping
[12:39:20] RAW: : ping
[12:39:35] RAW: : ping
[12:39:50] RAW: : ping
[12:40:05] RAW: : ping
[12:40:20] RAW: : ping
[12:40:35] RAW: : ping
[12:40:50] RAW: : ping
[12:41:05] RAW: : ping
[12:41:20] RAW: : ping
[12:41:35] RAW: : ping
[12:41:50] RAW: : ping
[12:42:05] RAW: : ping
[12:42:20] RAW: : ping
[12:42:35] RAW: : ping
[12:42:50] RAW: : ping
[12:43:05] RAW: : ping
[12:43:20] RAW: : ping
[12:43:35] RAW: : ping
[12:43:50] RAW: : ping
[12:44:05] RAW: : ping
[12:44:20] RAW: : ping
[12:44:35] RAW: : ping
[12:44:50] RAW: : ping
[12:45:05] RAW: : ping
[12:45:20] RAW: : ping
[12:45:35] RAW: : ping
[12:45:50] RAW: : ping
[12:46:05] RAW: : ping
[12:46:20] RAW: : ping
[12:46:35] RAW: : ping
[12:46:50] RAW: : ping
[12:47:05] RAW: : ping
[12:47:20] RAW: : ping
[12:47:35] RAW: : ping
[12:47:50] RAW: : ping
[12:48:05] RAW: : ping
[12:48:20] RAW: : ping
[12:48:35] RAW: : ping
[12:48:50] RAW: : ping
[12:49:05] RAW: : ping
[12:49:20] RAW: : ping
[12:49:35] RAW: : ping
[12:49:50] RAW: : ping
[12:50:05] RAW: : ping
[12:50:20] RAW: : ping
[12:50:35] RAW: : ping
[12:50:50] RAW: : ping
[12:51:05] RAW: : ping
[12:51:20] RAW: : ping
[12:51:35] RAW: : ping
[12:51:50] RAW: : ping
[12:52:05] RAW: : ping
[12:52:20] RAW: : ping
[12:52:35] RAW: : ping
[12:52:50] RAW: : ping
[12:53:05] RAW: : ping
[12:53:20] RAW: : ping
[12:53:35] RAW: : ping
[12:53:50] RAW: : ping
[12:54:05] RAW: : ping
[12:54:20] RAW: : ping
[12:54:35] RAW: : ping
[12:54:50] RAW: : ping
[12:55:05] RAW: : ping
[12:55:20] RAW: : ping
[12:55:35] RAW: : ping
[12:55:50] RAW: : ping
[12:56:05] RAW: : ping
[12:56:20] RAW: : ping
[12:56:35] RAW: : ping
[12:56:50] RAW: : ping
[12:57:05] RAW: : ping
[12:57:20] RAW: : ping
[12:57:35] RAW: : ping
[12:57:50] RAW: : ping
[12:58:05] RAW: : ping
[12:58:20] RAW: : ping
[12:58:35] RAW: : ping
[12:58:50] RAW: : ping
[12:59:05] RAW: : ping
[12:59:20] RAW: : ping
[12:59:35] RAW: : ping
[12:59:50] RAW: : ping
[13:00:05] RAW: : ping
[13:00:20] RAW: : ping
[13:00:35] RAW: : ping
[13:00:50] RAW: : ping
[13:01:05] RAW: : ping
[13:01:20] RAW: : ping
[13:01:35] RAW: : ping
[13:01:50] RAW: : ping
[13:02:05] RAW: : ping
[13:02:20] RAW: : ping
[13:02:35] RAW: : ping
[13:02:50] RAW: : ping
[13:03:05] RAW: : ping
[13:03:20] RAW: : ping
[13:03:35] RAW: : ping
[13:03:50] RAW: : ping
[13:04:05] RAW: : ping
[13:04:20] RAW: : ping
[13:04:35] RAW: : ping
[13:04:50] RAW: : ping
[13:05:05] RAW: : ping
[13:05:20] RAW: : ping
[13:05:35] RAW: : ping
[13:05:50] RAW: : ping
[13:06:05] RAW: : ping
[13:06:20] RAW: : ping
[13:06:35] RAW: : ping
[13:06:50] RAW: : ping
[13:07:05] RAW: : ping
[13:07:20] RAW: : ping
[13:07:35] RAW: : ping
[13:07:50] RAW: : ping
[13:08:05] RAW: : ping
[13:08:20] RAW: : ping
[13:08:35] RAW: : ping
[13:08:50] RAW: : ping
[13:09:05] RAW: : ping
[13:09:20] RAW: : ping
[13:09:35] RAW: : ping
[13:09:50] RAW: : ping
[13:10:05] RAW: : ping
[13:10:20] RAW: : ping
[13:10:35] RAW: : ping
[13:10:50] RAW: : ping
[13:11:05] RAW: : ping
[13:11:20] RAW: : ping
[13:11:35] RAW: : ping
[13:11:50] RAW: : ping
[13:12:05] RAW: : ping
[13:12:20] RAW: : ping
[13:12:35] RAW: : ping
[13:12:50] RAW: : ping
[13:13:05] RAW: : ping
[13:13:20] RAW: : ping
[13:13:35] RAW: : ping
[13:13:50] RAW: : ping
[13:14:05] RAW: : ping
[13:14:20] RAW: : ping
[13:14:35] RAW: : ping
[13:14:50] RAW: : ping
[13:15:05] RAW: : ping
[13:15:20] RAW: : ping
[13:15:35] RAW: : ping
[13:15:50] RAW: : ping
[13:16:05] RAW: : ping
[13:16:20] RAW: : ping
[13:16:35] RAW: : ping
[13:16:50] RAW: : ping
[13:17:05] RAW: : ping
[13:17:20] RAW: : ping
[13:17:35] RAW: : ping
[13:17:50] RAW: : ping
[13:18:05] RAW: : ping
[13:18:20] RAW: : ping
[13:18:35] RAW: : ping
[13:18:50] RAW: : ping
[13:19:05] RAW: : ping
[13:19:20] RAW: : ping
[13:19:35] RAW: : ping
[13:19:50] RAW: : ping
[13:20:05] RAW: : ping
[13:20:20] RAW: : ping
[13:20:35] RAW: : ping
[13:20:50] RAW: : ping
[13:21:05] RAW: : ping
[13:21:20] RAW: : ping
[13:21:35] RAW: : ping
[13:21:50] RAW: : ping
[13:22:05] RAW: : ping
[13:22:20] RAW: : ping
[13:22:35] RAW: : ping
[13:22:50] RAW: : ping
[13:23:05] RAW: : ping
[13:23:20] RAW: : ping
[13:23:35] RAW: : ping
[13:23:50] RAW: : ping
[13:24:05] RAW: : ping
[13:24:06] : 
[13:24:20] RAW: : ping
[13:24:35] RAW: : ping
[13:24:50] RAW: : ping
[13:25:05] RAW: : ping
[13:25:20] RAW: : ping
[13:25:35] RAW: : ping
[13:25:50] RAW: : ping
[13:26:05] RAW: : ping
[13:26:20] RAW: : ping
[13:26:35] RAW: : ping
[13:26:50] RAW: : ping
[13:27:05] RAW: : ping
[13:27:20] RAW: : ping
[13:27:35] RAW: : ping
[13:27:50] RAW: : ping
[13:28:05] RAW: : ping
[13:28:20] RAW: : ping
[13:28:35] RAW: : ping
[13:28:50] RAW: : ping
[13:29:05] RAW: : ping
[13:29:20] RAW: : ping
[13:29:35] RAW: : ping
[13:29:50] RAW: : ping
[13:30:05] RAW: : ping
[13:30:20] RAW: : ping
[13:30:35] RAW: : ping
[13:30:47] : 
[13:30:50] RAW: : ping
[13:31:05] RAW: : ping
[13:31:20] RAW: : ping
[13:31:35] RAW: : ping
[13:31:41] : 
[13:31:50] RAW: : ping
[13:31:55] : 
[13:32:05] RAW: : ping
[13:32:20] RAW: : ping
[13:32:35] RAW: : ping
[13:32:50] RAW: : ping
[13:33:05] RAW: : ping
[13:33:20] RAW: : ping
[13:33:35] RAW: : ping
[13:33:50] RAW: : ping
[13:34:05] RAW: : ping
[13:34:20] RAW: : ping
[13:34:35] RAW: : ping
[13:34:50] RAW: : ping
[13:35:05] RAW: : ping
[13:35:20] RAW: : ping
[13:35:35] RAW: : ping
[13:35:50] RAW: : ping
[13:36:05] RAW: : ping
[13:36:20] RAW: : ping
[13:36:35] RAW: : ping
[13:36:50] RAW: : ping
[13:37:05] RAW: : ping
[13:37:20] RAW: : ping
[13:37:35] RAW: : ping
[13:37:50] RAW: : ping
[13:38:05] RAW: : ping
[13:38:20] RAW: : ping
[13:38:35] RAW: : ping
[13:38:50] RAW: : ping
[13:39:05] RAW: : ping
[13:39:20] RAW: : ping
[13:39:35] RAW: : ping
[13:39:50] RAW: : ping
[13:40:05] RAW: : ping
[13:40:20] RAW: : ping
[13:40:35] RAW: : ping
[13:40:50] RAW: : ping
[13:41:05] RAW: : ping
[13:41:20] RAW: : ping
[13:41:35] RAW: : ping
[13:41:50] RAW: : ping
[13:42:05] RAW: : ping
[13:42:20] RAW: : ping
[13:42:35] RAW: : ping
[13:42:50] RAW: : ping
[13:43:05] RAW: : ping
[13:43:20] RAW: : ping
[13:43:35] RAW: : ping
[13:43:50] RAW: : ping
[13:44:05] RAW: : ping
[13:44:20] RAW: : ping
[13:44:35] RAW: : ping
[13:44:50] RAW: : ping
[13:45:05] RAW: : ping
[13:45:20] RAW: : ping
[13:45:35] RAW: : ping
[13:45:50] RAW: : ping
[13:46:05] RAW: : ping
[13:46:20] RAW: : ping
[13:46:35] RAW: : ping
[13:46:50] RAW: : ping
[13:47:05] RAW: : ping
[13:47:20] RAW: : ping
[13:47:35] RAW: : ping
[13:47:50] RAW: : ping
[13:48:05] RAW: : ping
[13:48:20] RAW: : ping
[13:48:35] RAW: : ping
[13:48:50] RAW: : ping
[13:49:05] RAW: : ping
[13:49:20] RAW: : ping
[13:49:35] RAW: : ping
[13:49:50] RAW: : ping
[13:50:05] RAW: : ping
[13:50:20] RAW: : ping
[13:50:35] RAW: : ping
[13:50:50] RAW: : ping
[13:51:05] RAW: : ping
[13:51:17] : 
[13:51:20] RAW: : ping
[13:51:35] RAW: : ping
[13:51:50] RAW: : ping
[13:52:05] RAW: : ping
[13:52:20] RAW: : ping
[13:52:35] RAW: : ping
[13:52:50] RAW: : ping
[13:53:05] RAW: : ping
[13:53:12] : 
[13:53:20] RAW: : ping
[13:53:35] RAW: : ping
[13:53:50] RAW: : ping
[13:54:05] RAW: : ping
[13:54:20] RAW: : ping
[13:54:35] RAW: : ping
[13:54:50] RAW: : ping
[13:55:05] RAW: : ping
[13:55:20] RAW: : ping
[13:55:31] : 
[13:55:35] RAW: : ping
[13:55:50] RAW: : ping
[13:56:05] RAW: : ping
[13:56:20] RAW: : ping
[13:56:35] RAW: : ping
[13:56:47] : 
[13:56:50] RAW: : ping
[13:57:05] RAW: : ping
[13:57:20] RAW: : ping
[13:57:35] RAW: : ping
[13:57:50] RAW: : ping
[13:58:05] RAW: : ping
[13:58:20] RAW: : ping
[13:58:35] RAW: : ping
[13:58:50] RAW: : ping
[13:59:05] RAW: : ping
[13:59:20] RAW: : ping
[13:59:35] RAW: : ping
[13:59:50] RAW: : ping
[14:00:05] RAW: : ping
[14:00:20] RAW: : ping
[14:00:35] RAW: : ping
[14:00:50] RAW: : ping
[14:01:05] RAW: : ping
[14:01:20] RAW: : ping
[14:01:35] RAW: : ping
[14:01:50] RAW: : ping
[14:02:05] RAW: : ping
[14:02:20] RAW: : ping
[14:02:35] RAW: : ping
[14:02:50] RAW: : ping
[14:03:05] RAW: : ping
[14:03:20] RAW: : ping
[14:03:35] RAW: : ping
[14:03:50] RAW: : ping
[14:04:05] RAW: : ping
[14:04:20] RAW: : ping
[14:04:35] RAW: : ping
[14:04:50] RAW: : ping
[14:05:05] RAW: : ping
[14:05:20] RAW: : ping
[14:05:35] RAW: : ping
[14:05:50] RAW: : ping
[14:06:05] RAW: : ping
[14:06:20] RAW: : ping
[14:06:24] : 
[14:06:35] RAW: : ping
[14:06:50] RAW: : ping
[14:07:05] RAW: : ping
[14:07:20] RAW: : ping
[14:07:35] RAW: : ping
[14:07:50] RAW: : ping
[14:08:05] RAW: : ping
[14:08:20] RAW: : ping
[14:08:35] RAW: : ping
[14:08:50] RAW: : ping
[14:09:05] RAW: : ping
[14:09:20] RAW: : ping
[14:09:35] RAW: : ping
[14:09:50] RAW: : ping
[14:10:05] RAW: : ping
[14:10:10] : 
[14:10:20] RAW: : ping
[14:10:35] RAW: : ping
[14:10:50] RAW: : ping
[14:11:05] RAW: : ping
[14:11:20] RAW: : ping
[14:11:35] RAW: : ping
[14:11:50] RAW: : ping
[14:12:05] RAW: : ping
[14:12:20] RAW: : ping
[14:12:35] RAW: : ping
[14:12:50] RAW: : ping
[14:13:05] RAW: : ping
[14:13:20] RAW: : ping
[14:13:35] RAW: : ping
[14:13:50] RAW: : ping
[14:14:05] RAW: : ping
[14:14:20] RAW: : ping
[14:14:35] RAW: : ping
[14:14:50] RAW: : ping
[14:15:05] RAW: : ping
[14:15:20] RAW: : ping
[14:15:22] : 
[14:15:35] RAW: : ping
[14:15:50] RAW: : ping
[14:16:05] RAW: : ping
[14:16:20] RAW: : ping
[14:16:35] RAW: : ping
[14:16:50] RAW: : ping
[14:17:05] RAW: : ping
[14:17:20] RAW: : ping
[14:17:35] RAW: : ping
[14:17:50] RAW: : ping
[14:18:05] RAW: : ping
[14:18:20] RAW: : ping
[14:18:35] RAW: : ping
[14:18:50] RAW: : ping
[14:19:05] RAW: : ping
[14:19:20] RAW: : ping
[14:19:35] RAW: : ping
[14:19:50] RAW: : ping
[14:20:05] RAW: : ping
[14:20:20] RAW: : ping
[14:20:35] RAW: : ping
[14:20:50] RAW: : ping
[14:21:05] RAW: : ping
[14:21:20] RAW: : ping
[14:21:35] RAW: : ping
[14:21:50] RAW: : ping
[14:22:05] RAW: : ping
[14:22:20] RAW: : ping
[14:22:35] RAW: : ping
[14:22:50] RAW: : ping
[14:23:05] RAW: : ping
[14:23:20] RAW: : ping
[14:23:35] RAW: : ping
[14:23:50] RAW: : ping
[14:24:05] RAW: : ping
[14:24:20] RAW: : ping
[14:24:35] RAW: : ping
[14:24:50] RAW: : ping
[14:25:05] RAW: : ping
[14:25:20] RAW: : ping
[14:25:35] RAW: : ping
[14:25:50] RAW: : ping
[14:26:05] RAW: : ping
[14:26:20] RAW: : ping
[14:26:35] RAW: : ping
[14:26:50] RAW: : ping
[14:27:05] RAW: : ping
[14:27:20] RAW: : ping
[14:27:35] RAW: : ping
[14:27:50] RAW: : ping
[14:28:05] RAW: : ping
[14:28:20] RAW: : ping
[14:28:35] RAW: : ping
[14:28:50] RAW: : ping
[14:29:05] RAW: : ping
[14:29:20] RAW: : ping
[14:29:35] RAW: : ping
[14:29:50] RAW: : ping
[14:30:05] RAW: : ping
[14:30:20] RAW: : ping
[14:30:35] RAW: : ping
[14:30:50] RAW: : ping
[14:31:05] RAW: : ping
[14:31:20] RAW: : ping
[14:31:35] RAW: : ping
[14:31:50] RAW: : ping
[14:32:05] RAW: : ping
[14:32:20] RAW: : ping
[14:32:35] RAW: : ping
[14:32:50] RAW: : ping
[14:33:05] RAW: : ping
[14:33:20] RAW: : ping
[14:33:35] RAW: : ping
[14:33:50] RAW: : ping
[14:34:05] RAW: : ping
[14:34:20] RAW: : ping
[14:34:35] RAW: : ping
[14:34:50] RAW: : ping
[14:35:05] RAW: : ping
[14:35:20] RAW: : ping
[14:35:35] RAW: : ping
[14:35:50] RAW: : ping
[14:36:05] RAW: : ping
[14:36:20] RAW: : ping
[14:36:35] RAW: : ping
[14:36:50] RAW: : ping
[14:37:05] RAW: : ping
[14:37:20] RAW: : ping
[14:37:35] RAW: : ping
[14:37:50] RAW: : ping
[14:38:05] RAW: : ping
[14:38:20] RAW: : ping
[14:38:35] RAW: : ping
[14:38:50] RAW: : ping
[14:39:05] RAW: : ping
[14:39:20] RAW: : ping
[14:39:35] RAW: : ping
[14:39:50] RAW: : ping
[14:40:05] RAW: : ping
[14:40:20] RAW: : ping
[14:40:35] RAW: : ping
[14:40:50] RAW: : ping
[14:41:05] RAW: : ping
[14:41:20] RAW: : ping
[14:41:35] RAW: : ping
[14:41:50] RAW: : ping
[14:42:05] RAW: : ping
[14:42:20] RAW: : ping
[14:42:35] RAW: : ping
[14:42:50] RAW: : ping
[14:43:05] RAW: : ping
[14:43:20] RAW: : ping
[14:43:35] RAW: : ping
[14:43:50] RAW: : ping
[14:44:05] RAW: : ping
[14:44:20] RAW: : ping
[14:44:35] RAW: : ping
[14:44:50] RAW: : ping
[14:45:05] RAW: : ping
[14:45:20] RAW: : ping
[14:45:35] RAW: : ping
[14:45:50] RAW: : ping
[14:46:05] RAW: : ping
[14:46:20] RAW: : ping
[14:46:35] RAW: : ping
[14:46:50] RAW: : ping
[14:47:05] RAW: : ping
[14:47:20] RAW: : ping
[14:47:35] RAW: : ping
[14:47:50] RAW: : ping
[14:48:05] RAW: : ping
[14:48:20] RAW: : ping
[14:48:35] RAW: : ping
[14:48:50] RAW: : ping
[14:49:05] RAW: : ping
[14:49:20] RAW: : ping
[14:49:35] RAW: : ping
